#
# There is insufficient memory for the Java Runtime Environment to continue.
# Native memory allocation (malloc) failed to allocate 32744 bytes for ChunkPool::allocate
# Possible reasons:
#   The system is out of physical RAM or swap space
#   In 32 bit mode, the process size limit was hit
# Possible solutions:
#   Reduce memory load on the system
#   Increase physical memory or swap space
#   Check if swap backing store is full
#   Use 64 bit Java on a 64 bit OS
#   Decrease Java heap size (-Xmx/-Xms)
#   Decrease number of Java threads
#   Decrease Java thread stack sizes (-Xss)
#   Set larger code cache with -XX:ReservedCodeCacheSize=
# This output file may be truncated or incomplete.
#
#  Out of Memory Error (allocation.cpp:273), pid=10176, tid=4380
#
# JRE version: Java(TM) SE Runtime Environment (8.0_45-b15) (build 1.8.0_45-b15)
# Java VM: Java HotSpot(TM) 64-Bit Server VM (25.45-b02 mixed mode windows-amd64 compressed oops)
# Failed to write core dump. Minidumps are not enabled by default on client versions of Windows
#

---------------  T H R E A D  ---------------

Current thread (0x0000000014cba000):  JavaThread "C2 CompilerThread0" daemon [_thread_in_native, id=4380, stack(0x0000000016230000,0x0000000016330000)]

Stack: [0x0000000016230000,0x0000000016330000]
Native frames: (J=compiled Java code, j=interpreted, Vv=VM code, C=native code)
V  [jvm.dll+0x32b57a]
V  [jvm.dll+0x279873]
V  [jvm.dll+0x27a509]
V  [jvm.dll+0x271825]
V  [jvm.dll+0xcb804]
V  [jvm.dll+0xcba27]
V  [jvm.dll+0xcbeac]
V  [jvm.dll+0xcc204]
V  [jvm.dll+0x4ea280]
V  [jvm.dll+0x486f2c]
V  [jvm.dll+0x488d2f]
V  [jvm.dll+0x4f2a5e]
V  [jvm.dll+0x4f6862]
V  [jvm.dll+0x450ff0]
V  [jvm.dll+0x475d31]
V  [jvm.dll+0x4fd2f5]
V  [jvm.dll+0x4f5f17]
V  [jvm.dll+0x4f6299]
V  [jvm.dll+0x4f682f]
V  [jvm.dll+0x450ff0]
V  [jvm.dll+0x475d31]
V  [jvm.dll+0x4fd2f5]
V  [jvm.dll+0x4f5f17]
V  [jvm.dll+0x4f6299]
V  [jvm.dll+0x4f682f]
V  [jvm.dll+0x450ff0]
V  [jvm.dll+0x46cac5]
V  [jvm.dll+0x4500f2]
V  [jvm.dll+0xa4352]
V  [jvm.dll+0xa4c8f]
V  [jvm.dll+0x241984]
V  [jvm.dll+0x29853a]
C  [msvcr100.dll+0x21d9f]
C  [msvcr100.dll+0x21e3b]
C  [KERNEL32.DLL+0x13d2]
C  [ntdll.dll+0x154e4]


Current CompileTask:
C2:  27582 1852       4       com.android.dx.ssa.DeadCodeRemover::run (194 bytes)


---------------  P R O C E S S  ---------------

Java Threads: ( => current thread )
  0x00000000166da800 JavaThread "pool-2-thread-4" [_thread_blocked, id=9948, stack(0x0000000016f30000,0x0000000017030000)]
  0x0000000016732000 JavaThread "pool-2-thread-3" [_thread_blocked, id=9428, stack(0x0000000016e30000,0x0000000016f30000)]
  0x00000000166e9000 JavaThread "pool-2-thread-2" [_thread_blocked, id=10400, stack(0x0000000016d30000,0x0000000016e30000)]
  0x00000000166dc000 JavaThread "pool-3-thread-1" [_thread_blocked, id=4432, stack(0x0000000016c30000,0x0000000016d30000)]
  0x00000000166d8000 JavaThread "pool-2-thread-1" [_thread_blocked, id=7928, stack(0x0000000016b30000,0x0000000016c30000)]
  0x000000001654d800 JavaThread "Service Thread" daemon [_thread_blocked, id=7400, stack(0x0000000016930000,0x0000000016a30000)]
  0x0000000014cc6000 JavaThread "C1 CompilerThread2" daemon [_thread_in_vm, id=8980, stack(0x0000000016430000,0x0000000016530000)]
  0x0000000014cc0000 JavaThread "C2 CompilerThread1" daemon [_thread_in_native, id=10568, stack(0x0000000016330000,0x0000000016430000)]
=>0x0000000014cba000 JavaThread "C2 CompilerThread0" daemon [_thread_in_native, id=4380, stack(0x0000000016230000,0x0000000016330000)]
  0x0000000014cb8000 JavaThread "Attach Listener" daemon [_thread_blocked, id=1860, stack(0x0000000016130000,0x0000000016230000)]
  0x0000000014cb7000 JavaThread "Signal Dispatcher" daemon [_thread_blocked, id=8100, stack(0x0000000016030000,0x0000000016130000)]
  0x00000000025e7000 JavaThread "Finalizer" daemon [_thread_blocked, id=3280, stack(0x0000000015f30000,0x0000000016030000)]
  0x00000000025de800 JavaThread "Reference Handler" daemon [_thread_blocked, id=3124, stack(0x0000000015e30000,0x0000000015f30000)]
  0x00000000024f0800 JavaThread "main" [_thread_blocked, id=7696, stack(0x0000000002340000,0x0000000002440000)]

Other Threads:
  0x0000000014c86800 VMThread [stack: 0x0000000015d30000,0x0000000015e30000] [id=4284]
  0x0000000016558000 WatcherThread [stack: 0x0000000016a30000,0x0000000016b30000] [id=7196]

VM state:synchronizing (normal execution)

VM Mutex/Monitor currently owned by a thread:  ([mutex/lock_event])
[0x00000000024dbc10] Threads_lock - owner thread: 0x0000000014c86800
[0x00000000024dc110] Heap_lock - owner thread: 0x0000000016732000

Heap:
 PSYoungGen      total 126976K, used 69120K [0x00000000eab00000, 0x00000000f9600000, 0x0000000100000000)
  eden space 69120K, 100% used [0x00000000eab00000,0x00000000eee80000,0x00000000eee80000)
  from space 57856K, 0% used [0x00000000eee80000,0x00000000eee80000,0x00000000f2700000)
  to   space 74752K, 0% used [0x00000000f4d00000,0x00000000f4d00000,0x00000000f9600000)
 ParOldGen       total 104448K, used 75649K [0x00000000c0000000, 0x00000000c6600000, 0x00000000eab00000)
  object space 104448K, 72% used [0x00000000c0000000,0x00000000c49e04d8,0x00000000c6600000)
 Metaspace       used 5934K, capacity 6960K, committed 7040K, reserved 1056768K
  class space    used 585K, capacity 616K, committed 640K, reserved 1048576K

Card table byte_map: [0x00000000119b0000,0x0000000011bc0000] byte_map_base: 0x00000000113b0000

Marking Bits: (ParMarkBitMap*) 0x000000006d494040
 Begin Bits: [0x0000000012120000, 0x0000000013120000)
 End Bits:   [0x0000000013120000, 0x0000000014120000)

Polling page: 0x0000000000ad0000

CodeCache: size=245760Kb used=8035Kb max_used=8215Kb free=237724Kb
 bounds [0x00000000025f0000, 0x0000000002e10000, 0x00000000115f0000]
 total_blobs=1932 nmethods=1663 adapters=182
 compilation: enabled

Compilation events (10 events):
Event: 15.799 Thread 0x0000000014cc0000 1848       4       com.android.dx.cf.code.SwitchList::getTarget (9 bytes)
Event: 15.800 Thread 0x0000000014cc0000 nmethod 1848 0x0000000002de3dd0 code [0x0000000002de3f20, 0x0000000002de3ff8]
Event: 15.817 Thread 0x0000000014cba000 nmethod 1842 0x0000000002dfa5d0 code [0x0000000002dfa800, 0x0000000002dfbcb0]
Event: 16.260 Thread 0x0000000014cc0000 1849 %     4       com.android.dx.ssa.DeadCodeRemover::run @ 30 (194 bytes)
Event: 16.283 Thread 0x0000000014cba000 1850       4       com.android.dx.ssa.ConstCollector$2::map (28 bytes)
Event: 16.284 Thread 0x0000000014cba000 nmethod 1850 0x0000000002735e50 code [0x0000000002735fa0, 0x0000000002736078]
Event: 16.365 Thread 0x0000000014cc0000 nmethod 1849% 0x0000000002dfcb10 code [0x0000000002dfcda0, 0x0000000002dfe440]
Event: 17.016 Thread 0x0000000014cc6000 1851       3       com.android.dx.rop.cst.CstString::equals (24 bytes)
Event: 17.016 Thread 0x0000000014cc6000 nmethod 1851 0x0000000002d9cf10 code [0x0000000002d9d080, 0x0000000002d9d4c8]
Event: 21.485 Thread 0x0000000014cba000 1852       4       com.android.dx.ssa.DeadCodeRemover::run (194 bytes)

GC Heap History (10 events):
Event: 8.136 GC heap before
{Heap before GC invocations=10 (full 2):
 PSYoungGen      total 84992K, used 67993K [0x00000000eab00000, 0x00000000f2d00000, 0x0000000100000000)
  eden space 49152K, 100% used [0x00000000eab00000,0x00000000edb00000,0x00000000edb00000)
  from space 35840K, 52% used [0x00000000edb00000,0x00000000eed666a8,0x00000000efe00000)
  to   space 33792K, 0% used [0x00000000f0c00000,0x00000000f0c00000,0x00000000f2d00000)
 ParOldGen       total 104448K, used 38094K [0x00000000c0000000, 0x00000000c6600000, 0x00000000eab00000)
  object space 104448K, 36% used [0x00000000c0000000,0x00000000c2533a70,0x00000000c6600000)
 Metaspace       used 5848K, capacity 6896K, committed 7040K, reserved 1056768K
  class space    used 583K, capacity 616K, committed 640K, reserved 1048576K
Event: 8.666 GC heap after
Heap after GC invocations=10 (full 2):
 PSYoungGen      total 96256K, used 28985K [0x00000000eab00000, 0x00000000f3580000, 0x0000000100000000)
  eden space 62464K, 0% used [0x00000000eab00000,0x00000000eab00000,0x00000000ee800000)
  from space 33792K, 85% used [0x00000000f0c00000,0x00000000f284e500,0x00000000f2d00000)
  to   space 36864K, 0% used [0x00000000ee800000,0x00000000ee800000,0x00000000f0c00000)
 ParOldGen       total 104448K, used 38094K [0x00000000c0000000, 0x00000000c6600000, 0x00000000eab00000)
  object space 104448K, 36% used [0x00000000c0000000,0x00000000c2533a70,0x00000000c6600000)
 Metaspace       used 5848K, capacity 6896K, committed 7040K, reserved 1056768K
  class space    used 583K, capacity 616K, committed 640K, reserved 1048576K
}
Event: 11.441 GC heap before
{Heap before GC invocations=11 (full 2):
 PSYoungGen      total 96256K, used 91449K [0x00000000eab00000, 0x00000000f3580000, 0x0000000100000000)
  eden space 62464K, 100% used [0x00000000eab00000,0x00000000ee800000,0x00000000ee800000)
  from space 33792K, 85% used [0x00000000f0c00000,0x00000000f284e500,0x00000000f2d00000)
  to   space 36864K, 0% used [0x00000000ee800000,0x00000000ee800000,0x00000000f0c00000)
 ParOldGen       total 104448K, used 38094K [0x00000000c0000000, 0x00000000c6600000, 0x00000000eab00000)
  object space 104448K, 36% used [0x00000000c0000000,0x00000000c2533a70,0x00000000c6600000)
 Metaspace       used 5910K, capacity 6960K, committed 7040K, reserved 1056768K
  class space    used 583K, capacity 616K, committed 640K, reserved 1048576K
Event: 12.380 GC heap after
Heap after GC invocations=11 (full 2):
 PSYoungGen      total 99328K, used 36839K [0x00000000eab00000, 0x00000000f5680000, 0x0000000100000000)
  eden space 62464K, 0% used [0x00000000eab00000,0x00000000eab00000,0x00000000ee800000)
  from space 36864K, 99% used [0x00000000ee800000,0x00000000f0bf9f78,0x00000000f0c00000)
  to   space 48640K, 0% used [0x00000000f2700000,0x00000000f2700000,0x00000000f5680000)
 ParOldGen       total 104448K, used 54404K [0x00000000c0000000, 0x00000000c6600000, 0x00000000eab00000)
  object space 104448K, 52% used [0x00000000c0000000,0x00000000c3521238,0x00000000c6600000)
 Metaspace       used 5910K, capacity 6960K, committed 7040K, reserved 1056768K
  class space    used 583K, capacity 616K, committed 640K, reserved 1048576K
}
Event: 14.857 GC heap before
{Heap before GC invocations=12 (full 2):
 PSYoungGen      total 99328K, used 99303K [0x00000000eab00000, 0x00000000f5680000, 0x0000000100000000)
  eden space 62464K, 100% used [0x00000000eab00000,0x00000000ee800000,0x00000000ee800000)
  from space 36864K, 99% used [0x00000000ee800000,0x00000000f0bf9f78,0x00000000f0c00000)
  to   space 48640K, 0% used [0x00000000f2700000,0x00000000f2700000,0x00000000f5680000)
 ParOldGen       total 104448K, used 54404K [0x00000000c0000000, 0x00000000c6600000, 0x00000000eab00000)
  object space 104448K, 52% used [0x00000000c0000000,0x00000000c3521238,0x00000000c6600000)
 Metaspace       used 5922K, capacity 6960K, committed 7040K, reserved 1056768K
  class space    used 583K, capacity 616K, committed 640K, reserved 1048576K
Event: 15.684 GC heap after
Heap after GC invocations=12 (full 2):
 PSYoungGen      total 117760K, used 48635K [0x00000000eab00000, 0x00000000f6980000, 0x0000000100000000)
  eden space 69120K, 0% used [0x00000000eab00000,0x00000000eab00000,0x00000000eee80000)
  from space 48640K, 99% used [0x00000000f2700000,0x00000000f567eda0,0x00000000f5680000)
  to   space 57856K, 0% used [0x00000000eee80000,0x00000000eee80000,0x00000000f2700000)
 ParOldGen       total 104448K, used 60126K [0x00000000c0000000, 0x00000000c6600000, 0x00000000eab00000)
  object space 104448K, 57% used [0x00000000c0000000,0x00000000c3ab7a50,0x00000000c6600000)
 Metaspace       used 5922K, capacity 6960K, committed 7040K, reserved 1056768K
  class space    used 583K, capacity 616K, committed 640K, reserved 1048576K
}
Event: 17.018 GC heap before
{Heap before GC invocations=13 (full 2):
 PSYoungGen      total 117760K, used 117755K [0x00000000eab00000, 0x00000000f6980000, 0x0000000100000000)
  eden space 69120K, 100% used [0x00000000eab00000,0x00000000eee80000,0x00000000eee80000)
  from space 48640K, 99% used [0x00000000f2700000,0x00000000f567eda0,0x00000000f5680000)
  to   space 57856K, 0% used [0x00000000eee80000,0x00000000eee80000,0x00000000f2700000)
 ParOldGen       total 104448K, used 60126K [0x00000000c0000000, 0x00000000c6600000, 0x00000000eab00000)
  object space 104448K, 57% used [0x00000000c0000000,0x00000000c3ab7a50,0x00000000c6600000)
 Metaspace       used 5924K, capacity 6960K, committed 7040K, reserved 1056768K
  class space    used 583K, capacity 616K, committed 640K, reserved 1048576K
Event: 18.535 GC heap after
Heap after GC invocations=13 (full 2):
 PSYoungGen      total 126976K, used 57828K [0x00000000eab00000, 0x00000000f9600000, 0x0000000100000000)
  eden space 69120K, 0% used [0x00000000eab00000,0x00000000eab00000,0x00000000eee80000)
  from space 57856K, 99% used [0x00000000eee80000,0x00000000f26f9180,0x00000000f2700000)
  to   space 74752K, 0% used [0x00000000f4d00000,0x00000000f4d00000,0x00000000f9600000)
 ParOldGen       total 104448K, used 81475K [0x00000000c0000000, 0x00000000c6600000, 0x00000000eab00000)
  object space 104448K, 78% used [0x00000000c0000000,0x00000000c4f90ff8,0x00000000c6600000)
 Metaspace       used 5924K, capacity 6960K, committed 7040K, reserved 1056768K
  class space    used 583K, capacity 616K, committed 640K, reserved 1048576K
}
Event: 18.535 GC heap before
{Heap before GC invocations=14 (full 3):
 PSYoungGen      total 126976K, used 57828K [0x00000000eab00000, 0x00000000f9600000, 0x0000000100000000)
  eden space 69120K, 0% used [0x00000000eab00000,0x00000000eab00000,0x00000000eee80000)
  from space 57856K, 99% used [0x00000000eee80000,0x00000000f26f9180,0x00000000f2700000)
  to   space 74752K, 0% used [0x00000000f4d00000,0x00000000f4d00000,0x00000000f9600000)
 ParOldGen       total 104448K, used 81475K [0x00000000c0000000, 0x00000000c6600000, 0x00000000eab00000)
  object space 104448K, 78% used [0x00000000c0000000,0x00000000c4f90ff8,0x00000000c6600000)
 Metaspace       used 5924K, capacity 6960K, committed 7040K, reserved 1056768K
  class space    used 583K, capacity 616K, committed 640K, reserved 1048576K
Event: 21.462 GC heap after
Heap after GC invocations=14 (full 3):
 PSYoungGen      total 126976K, used 0K [0x00000000eab00000, 0x00000000f9600000, 0x0000000100000000)
  eden space 69120K, 0% used [0x00000000eab00000,0x00000000eab00000,0x00000000eee80000)
  from space 57856K, 0% used [0x00000000eee80000,0x00000000eee80000,0x00000000f2700000)
  to   space 74752K, 0% used [0x00000000f4d00000,0x00000000f4d00000,0x00000000f9600000)
 ParOldGen       total 104448K, used 75649K [0x00000000c0000000, 0x00000000c6600000, 0x00000000eab00000)
  object space 104448K, 72% used [0x00000000c0000000,0x00000000c49e04d8,0x00000000c6600000)
 Metaspace       used 5924K, capacity 6960K, committed 7040K, reserved 1056768K
  class space    used 583K, capacity 616K, committed 640K, reserved 1048576K
}

Deoptimization events (10 events):
Event: 7.907 Thread 0x00000000166d8000 Uncommon trap: reason=unstable_if action=reinterpret pc=0x0000000002c4d260 method=com.android.dx.dex.code.RopTranslator$TranslationVisitor.visitPlainInsn(Lcom/android/dx/rop/code/PlainInsn;)V @ 11
Event: 12.939 Thread 0x00000000024f0800 Uncommon trap: reason=bimorphic action=maybe_recompile pc=0x0000000002a70174 method=com.android.dx.cf.code.BytecodeArray.parseInstruction(ILcom/android/dx/cf/code/BytecodeArray$Visitor;)I @ 1287
Event: 12.939 Thread 0x00000000024f0800 Uncommon trap: reason=bimorphic action=maybe_recompile pc=0x0000000002a70174 method=com.android.dx.cf.code.BytecodeArray.parseInstruction(ILcom/android/dx/cf/code/BytecodeArray$Visitor;)I @ 1287
Event: 12.939 Thread 0x00000000024f0800 Uncommon trap: reason=bimorphic action=maybe_recompile pc=0x0000000002a70174 method=com.android.dx.cf.code.BytecodeArray.parseInstruction(ILcom/android/dx/cf/code/BytecodeArray$Visitor;)I @ 1287
Event: 12.939 Thread 0x00000000024f0800 Uncommon trap: reason=bimorphic action=maybe_recompile pc=0x0000000002a70174 method=com.android.dx.cf.code.BytecodeArray.parseInstruction(ILcom/android/dx/cf/code/BytecodeArray$Visitor;)I @ 1287
Event: 12.997 Thread 0x00000000024f0800 Uncommon trap: reason=class_check action=maybe_recompile pc=0x0000000002a235dc method=com.android.dx.cf.code.Ropper.processBlock(Lcom/android/dx/cf/code/ByteBlock;Lcom/android/dx/cf/code/Frame;[I)V @ 777
Event: 12.998 Thread 0x00000000024f0800 Uncommon trap: reason=unstable_if action=reinterpret pc=0x0000000002ca0b90 method=com.android.dx.cf.code.Simulator.requiredArrayTypeFor(Lcom/android/dx/rop/type/Type;Lcom/android/dx/rop/type/Type;)Lcom/android/dx/rop/type/Type; @ 29
Event: 12.998 Thread 0x00000000024f0800 Uncommon trap: reason=class_check action=maybe_recompile pc=0x0000000002a235dc method=com.android.dx.cf.code.Ropper.processBlock(Lcom/android/dx/cf/code/ByteBlock;Lcom/android/dx/cf/code/Frame;[I)V @ 777
Event: 12.998 Thread 0x00000000024f0800 Uncommon trap: reason=class_check action=maybe_recompile pc=0x0000000002a235dc method=com.android.dx.cf.code.Ropper.processBlock(Lcom/android/dx/cf/code/ByteBlock;Lcom/android/dx/cf/code/Frame;[I)V @ 777
Event: 12.998 Thread 0x00000000024f0800 Uncommon trap: reason=class_check action=maybe_recompile pc=0x0000000002a235dc method=com.android.dx.cf.code.Ropper.processBlock(Lcom/android/dx/cf/code/ByteBlock;Lcom/android/dx/cf/code/Frame;[I)V @ 777

Internal exceptions (2 events):
Event: 0.080 Thread 0x00000000024f0800 Exception <a 'java/lang/NoSuchMethodError': Method sun.misc.Unsafe.defineClass(Ljava/lang/String;[BII)Ljava/lang/Class; name or signature does not match> (0x00000000eab0d358) thrown at [C:\re\workspace\8-2-build-windows-amd64-cygwin\jdk8u45\3627\hotspot\sr>9Ÿïö‰´?
Event: 0.080 Thread 0x00000000024f0800 Exception <a 'java/lang/NoSuchMethodError': Method sun.misc.Unsafe.prefetchRead(Ljava/lang/Object;J)V name or signature does not match> (0x00000000eab0d5e8) thrown at [C:\re\workspace\8-2-build-windows-amd64-cygwin\jdk8u45\3627\hotspot\src\share\vm\prims\j

Events (10 events):
Event: 21.464 Executing VM operation: RevokeBias
Event: 21.464 Executing VM operation: RevokeBias done
Event: 21.464 Executing VM operation: RevokeBias
Event: 21.464 Executing VM operation: RevokeBias done
Event: 21.464 Executing VM operation: RevokeBias
Event: 21.468 Executing VM operation: RevokeBias done
Event: 21.468 Executing VM operation: RevokeBias
Event: 21.470 Executing VM operation: RevokeBias done
Event: 21.485 Thread 0x00000000166e9000 DEOPT PACKING pc=0x0000000002bb00b9 sp=0x0000000016e2efb0
Event: 21.485 Thread 0x00000000166e9000 DEOPT UNPACKING pc=0x000000000263787f sp=0x0000000016e2ed58 mode 0


Dynamic libraries:
0x00007ff64abd0000 - 0x00007ff64ac07000 	C:\Program Files\Java\jdk1.8.0_45\bin\java.exe
0x00007ff9cc030000 - 0x00007ff9cc1dd000 	C:\Windows\SYSTEM32\ntdll.dll
0x00007ff9cb7c0000 - 0x00007ff9cb8fe000 	C:\Windows\system32\KERNEL32.DLL
0x00007ff9c95a0000 - 0x00007ff9c96b5000 	C:\Windows\system32\KERNELBASE.dll
0x00007ff9c7d30000 - 0x00007ff9c7dbe000 	C:\Windows\system32\apphelp.dll
0x00007ff9babf0000 - 0x00007ff9bac43000 	C:\Windows\AppPatch\AppPatch64\AcGenral.DLL
0x00007ff9c98c0000 - 0x00007ff9c996a000 	C:\Windows\system32\msvcrt.dll
0x00007ff9c9230000 - 0x00007ff9c925e000 	C:\Windows\system32\SspiCli.dll
0x00007ff9cbd00000 - 0x00007ff9cbd54000 	C:\Windows\system32\SHLWAPI.dll
0x00007ff9c9970000 - 0x00007ff9c9ae7000 	C:\Windows\system32\USER32.dll
0x00007ff9c96c0000 - 0x00007ff9c9854000 	C:\Windows\system32\ole32.dll
0x00007ff9c9fe0000 - 0x00007ff9cb50a000 	C:\Windows\system32\SHELL32.dll
0x00007ff9c88f0000 - 0x00007ff9c8911000 	C:\Windows\SYSTEM32\USERENV.dll
0x00007ff9cbb60000 - 0x00007ff9cbc0a000 	C:\Windows\system32\ADVAPI32.dll
0x00007ff9baf40000 - 0x00007ff9baf5e000 	C:\Windows\SYSTEM32\MPR.dll
0x00007ff9c9af0000 - 0x00007ff9c9c30000 	C:\Windows\system32\RPCRT4.dll
0x00007ff9c9860000 - 0x00007ff9c98b9000 	C:\Windows\SYSTEM32\sechost.dll
0x00007ff9cb530000 - 0x00007ff9cb741000 	C:\Windows\SYSTEM32\combase.dll
0x00007ff9c9ca0000 - 0x00007ff9c9df0000 	C:\Windows\system32\GDI32.dll
0x00007ff9c9160000 - 0x00007ff9c9175000 	C:\Windows\SYSTEM32\profapi.dll
0x00007ff9c7700000 - 0x00007ff9c77b2000 	C:\Windows\SYSTEM32\SHCORE.dll
0x00007ff9cbb20000 - 0x00007ff9cbb56000 	C:\Windows\system32\IMM32.DLL
0x00007ff9cb900000 - 0x00007ff9cba52000 	C:\Windows\system32\MSCTF.dll
0x00007ff9c6640000 - 0x00007ff9c68bb000 	C:\Windows\WinSxS\amd64_microsoft.windows.common-controls_6595b64144ccf1df_6.0.9600.18006_none_623f33d3ecbe86e8\COMCTL32.dll
0x000000006c730000 - 0x000000006c802000 	C:\Program Files\Java\jdk1.8.0_45\jre\bin\msvcr100.dll
0x000000006cc90000 - 0x000000006d513000 	C:\Program Files\Java\jdk1.8.0_45\jre\bin\server\jvm.dll
0x00007ff9c43e0000 - 0x00007ff9c43e9000 	C:\Windows\SYSTEM32\WSOCK32.dll
0x00007ff9ba820000 - 0x00007ff9ba842000 	C:\Windows\SYSTEM32\WINMM.dll
0x00007ff9bf3b0000 - 0x00007ff9bf3ba000 	C:\Windows\SYSTEM32\VERSION.dll
0x00007ff9cbce0000 - 0x00007ff9cbce7000 	C:\Windows\system32\PSAPI.DLL
0x00007ff9c9c30000 - 0x00007ff9c9c8a000 	C:\Windows\system32\WS2_32.dll
0x00007ff9ba7f0000 - 0x00007ff9ba81a000 	C:\Windows\SYSTEM32\WINMMBASE.dll
0x00007ff9c9df0000 - 0x00007ff9c9df9000 	C:\Windows\system32\NSI.dll
0x00007ff9c92c0000 - 0x00007ff9c930f000 	C:\Windows\SYSTEM32\cfgmgr32.dll
0x00007ff9c7fb0000 - 0x00007ff9c7fd8000 	C:\Windows\SYSTEM32\DEVOBJ.dll
0x000000006cba0000 - 0x000000006cbaf000 	C:\Program Files\Java\jdk1.8.0_45\jre\bin\verify.dll
0x000000006cb70000 - 0x000000006cb99000 	C:\Program Files\Java\jdk1.8.0_45\jre\bin\java.dll
0x000000006cb50000 - 0x000000006cb66000 	C:\Program Files\Java\jdk1.8.0_45\jre\bin\zip.dll
0x00007ff9b09c0000 - 0x00007ff9b0b49000 	C:\Windows\SYSTEM32\dbghelp.dll

VM Arguments:
jvm_args: -Djava.awt.headless=true -Xmx1024M -Dfile.encoding=windows-1252 -Duser.country=US -Duser.language=en -Duser.variant 
java_command: com.android.dx.command.Main --dex --force-jumbo --num-threads=4 --multi-dex --output D:\GextonApps\CareSociousApp\app\build\intermediates\transforms\dex\debug\folders\1000\5\slice_7 D:\GextonApps\CareSociousApp\app\build\intermediates\transforms\instantRunSlicer\debug\folders\1\5\slice_7
java_class_path (initial): C:\Users\Tehreem\AppData\Local\Android\Sdk\build-tools\24.0.2\lib\dx.jar
Launcher Type: SUN_STANDARD

Environment Variables:
PATH=C:\ProgramData\Oracle\Java\javapath;C:\Program Files (x86)\Intel\iCLS Client\;C:\Program Files\Intel\iCLS Client\;C:\Windows\system32;C:\Windows;C:\Windows\System32\Wbem;C:\Windows\System32\WindowsPowerShell\v1.0\;C:\Program Files\Intel\Intel(R) Management Engine Components\DAL;C:\Program Files\Intel\Intel(R) Management Engine Components\IPT;C:\Program Files (x86)\Intel\Intel(R) Management Engine Components\DAL;C:\Program Files (x86)\Intel\Intel(R) Management Engine Components\IPT;C:\Program Files\Java\jdk1.8.0_45\bin;C:\Program Files (x86)\Skype\Phone\
USERNAME=Tehreem
OS=Windows_NT
PROCESSOR_IDENTIFIER=Intel64 Family 6 Model 69 Stepping 1, GenuineIntel



---------------  S Y S T E M  ---------------

OS: Windows 8.1 , 64 bit Build 9600 (6.3.9600.17415)

CPU:total 4 (2 cores per cpu, 2 threads per core) family 6 model 69 stepping 1, cmov, cx8, fxsr, mmx, sse, sse2, sse3, ssse3, sse4.1, sse4.2, popcnt, avx, avx2, aes, clmul, erms, lzcnt, ht, tsc, tscinvbit, bmi1, bmi2

Memory: 4k page, physical 4114584k(561408k free), swap 7260312k(821788k free)

vm_info: Java HotSpot(TM) 64-Bit Server VM (25.45-b02) for windows-amd64 JRE (1.8.0_45-b15), built on Apr 30 2015 12:40:44 by "java_re" with MS VC++ 10.0 (VS2010)

time: Fri Jan 20 12:09:37 2017
elapsed time: 27 seconds (0d 0h 0m 27s)

